This is pdfTeX, Version 3.1415926-2.4-1.40.13 (TeX Live 2012) (format=pdflatex 2012.6.30)  12 MAR 2013 15:43
entering extended mode
 restricted \write18 enabled.
 file:line:error style messages enabled.
 %&-line parsing enabled.
**Report.tex
(./Report.tex
LaTeX2e <2011/06/27>
Babel <v3.8m> and hyphenation patterns for english, dumylang, nohyphenation, ge
rman-x-2012-05-30, ngerman-x-2012-05-30, afrikaans, ancientgreek, ibycus, arabi
c, armenian, basque, bulgarian, catalan, pinyin, coptic, croatian, czech, danis
h, dutch, ukenglish, usenglishmax, esperanto, estonian, ethiopic, farsi, finnis
h, french, friulan, galician, german, ngerman, swissgerman, monogreek, greek, h
ungarian, icelandic, assamese, bengali, gujarati, hindi, kannada, malayalam, ma
rathi, oriya, panjabi, tamil, telugu, indonesian, interlingua, irish, italian, 
kurmanji, latin, latvian, lithuanian, mongolian, mongolianlmc, bokmal, nynorsk,
 polish, portuguese, romanian, romansh, russian, sanskrit, serbian, serbianc, s
lovak, slovenian, spanish, swedish, turkish, turkmen, ukrainian, uppersorbian, 
welsh, loaded.
(/usr/local/texlive/2012/texmf-dist/tex/latex/base/article.cls
Document Class: article 2007/10/19 v1.4h Standard LaTeX document class
(/usr/local/texlive/2012/texmf-dist/tex/latex/base/size11.clo
File: size11.clo 2007/10/19 v1.4h Standard LaTeX file (size option)
)
\c@part=\count79
\c@section=\count80
\c@subsection=\count81
\c@subsubsection=\count82
\c@paragraph=\count83
\c@subparagraph=\count84
\c@figure=\count85
\c@table=\count86
\abovecaptionskip=\skip41
\belowcaptionskip=\skip42
\bibindent=\dimen102
)
(/usr/local/texlive/2012/texmf-dist/tex/latex/geometry/geometry.sty
Package: geometry 2010/09/12 v5.6 Page Geometry

(/usr/local/texlive/2012/texmf-dist/tex/latex/graphics/keyval.sty
Package: keyval 1999/03/16 v1.13 key=value parser (DPC)
\KV@toks@=\toks14
)
(/usr/local/texlive/2012/texmf-dist/tex/generic/oberdiek/ifpdf.sty
Package: ifpdf 2011/01/30 v2.3 Provides the ifpdf switch (HO)
Package ifpdf Info: pdfTeX in PDF mode is detected.
)
(/usr/local/texlive/2012/texmf-dist/tex/generic/oberdiek/ifvtex.sty
Package: ifvtex 2010/03/01 v1.5 Detect VTeX and its facilities (HO)
Package ifvtex Info: VTeX not detected.
)
(/usr/local/texlive/2012/texmf-dist/tex/generic/ifxetex/ifxetex.sty
Package: ifxetex 2010/09/12 v0.6 Provides ifxetex conditional
)
\Gm@cnth=\count87
\Gm@cntv=\count88
\c@Gm@tempcnt=\count89
\Gm@bindingoffset=\dimen103
\Gm@wd@mp=\dimen104
\Gm@odd@mp=\dimen105
\Gm@even@mp=\dimen106
\Gm@layoutwidth=\dimen107
\Gm@layoutheight=\dimen108
\Gm@layouthoffset=\dimen109
\Gm@layoutvoffset=\dimen110
\Gm@dimlist=\toks15
)
(/usr/local/texlive/2012/texmf-dist/tex/latex/natbib/natbib.sty
Package: natbib 2010/09/13 8.31b (PWD, AO)
\bibhang=\skip43
\bibsep=\skip44
LaTeX Info: Redefining \cite on input line 694.
\c@NAT@ctr=\count90
)
(/usr/local/texlive/2012/texmf-dist/tex/latex/natbib/bibentry.sty
Package: bibentry 2007/10/30 1.5 (PWD)
)
(/usr/local/texlive/2012/texmf-dist/tex/latex/tools/verbatim.sty
Package: verbatim 2003/08/22 v1.5q LaTeX2e package for verbatim enhancements
\every@verbatim=\toks16
\verbatim@line=\toks17
\verbatim@in@stream=\read1
)
(/usr/local/texlive/2012/texmf-dist/tex/latex/graphics/graphicx.sty
Package: graphicx 1999/02/16 v1.0f Enhanced LaTeX Graphics (DPC,SPQR)

(/usr/local/texlive/2012/texmf-dist/tex/latex/graphics/graphics.sty
Package: graphics 2009/02/05 v1.0o Standard LaTeX Graphics (DPC,SPQR)

(/usr/local/texlive/2012/texmf-dist/tex/latex/graphics/trig.sty
Package: trig 1999/03/16 v1.09 sin cos tan (DPC)
)
(/usr/local/texlive/2012/texmf-dist/tex/latex/latexconfig/graphics.cfg
File: graphics.cfg 2010/04/23 v1.9 graphics configuration of TeX Live
)
Package graphics Info: Driver file: pdftex.def on input line 91.

(/usr/local/texlive/2012/texmf-dist/tex/latex/pdftex-def/pdftex.def
File: pdftex.def 2011/05/27 v0.06d Graphics/color for pdfTeX

(/usr/local/texlive/2012/texmf-dist/tex/generic/oberdiek/infwarerr.sty
Package: infwarerr 2010/04/08 v1.3 Providing info/warning/error messages (HO)
)
(/usr/local/texlive/2012/texmf-dist/tex/generic/oberdiek/ltxcmds.sty
Package: ltxcmds 2011/11/09 v1.22 LaTeX kernel commands for general use (HO)
)
\Gread@gobject=\count91
))
\Gin@req@height=\dimen111
\Gin@req@width=\dimen112
)
(/usr/local/texlive/2012/texmf-dist/tex/latex/wrapfig/wrapfig.sty
\wrapoverhang=\dimen113
\WF@size=\dimen114
\c@WF@wrappedlines=\count92
\WF@box=\box26
\WF@everypar=\toks18
Package: wrapfig 2003/01/31  v 3.6
)
(/usr/local/texlive/2012/texmf-dist/tex/latex/amsmath/amsmath.sty
Package: amsmath 2000/07/18 v2.13 AMS math features
\@mathmargin=\skip45

For additional information on amsmath, use the `?' option.
(/usr/local/texlive/2012/texmf-dist/tex/latex/amsmath/amstext.sty
Package: amstext 2000/06/29 v2.01

(/usr/local/texlive/2012/texmf-dist/tex/latex/amsmath/amsgen.sty
File: amsgen.sty 1999/11/30 v2.0
\@emptytoks=\toks19
\ex@=\dimen115
))
(/usr/local/texlive/2012/texmf-dist/tex/latex/amsmath/amsbsy.sty
Package: amsbsy 1999/11/29 v1.2d
\pmbraise@=\dimen116
)
(/usr/local/texlive/2012/texmf-dist/tex/latex/amsmath/amsopn.sty
Package: amsopn 1999/12/14 v2.01 operator names
)
\inf@bad=\count93
LaTeX Info: Redefining \frac on input line 211.
\uproot@=\count94
\leftroot@=\count95
LaTeX Info: Redefining \overline on input line 307.
\classnum@=\count96
\DOTSCASE@=\count97
LaTeX Info: Redefining \ldots on input line 379.
LaTeX Info: Redefining \dots on input line 382.
LaTeX Info: Redefining \cdots on input line 467.
\Mathstrutbox@=\box27
\strutbox@=\box28
\big@size=\dimen117
LaTeX Font Info:    Redeclaring font encoding OML on input line 567.
LaTeX Font Info:    Redeclaring font encoding OMS on input line 568.
\macc@depth=\count98
\c@MaxMatrixCols=\count99
\dotsspace@=\muskip10
\c@parentequation=\count100
\dspbrk@lvl=\count101
\tag@help=\toks20
\row@=\count102
\column@=\count103
\maxfields@=\count104
\andhelp@=\toks21
\eqnshift@=\dimen118
\alignsep@=\dimen119
\tagshift@=\dimen120
\tagwidth@=\dimen121
\totwidth@=\dimen122
\lineht@=\dimen123
\@envbody=\toks22
\multlinegap=\skip46
\multlinetaggap=\skip47
\mathdisplay@stack=\toks23
LaTeX Info: Redefining \[ on input line 2666.
LaTeX Info: Redefining \] on input line 2667.
)
(/usr/local/texlive/2012/texmf-dist/tex/latex/subfigure/subfigure.sty
Package: subfigure 2002/03/15 v2.1.5 subfigure package
\subfigtopskip=\skip48
\subfigcapskip=\skip49
\subfigcaptopadj=\dimen124
\subfigbottomskip=\skip50
\subfigcapmargin=\dimen125
\subfiglabelskip=\skip51
\c@subfigure=\count105
\c@lofdepth=\count106
\c@subtable=\count107
\c@lotdepth=\count108

****************************************
* Local config file subfigure.cfg used *
****************************************
(/usr/local/texlive/2012/texmf-dist/tex/latex/subfigure/subfigure.cfg)
\subfig@top=\skip52
\subfig@bottom=\skip53
)
(/usr/local/texlive/2012/texmf-dist/tex/latex/pgf/frontendlayer/tikz.sty
(/usr/local/texlive/2012/texmf-dist/tex/latex/pgf/basiclayer/pgf.sty
(/usr/local/texlive/2012/texmf-dist/tex/latex/pgf/utilities/pgfrcs.sty
(/usr/local/texlive/2012/texmf-dist/tex/generic/pgf/utilities/pgfutil-common.te
x
\pgfutil@everybye=\toks24
)
(/usr/local/texlive/2012/texmf-dist/tex/generic/pgf/utilities/pgfutil-latex.def
\pgfutil@abb=\box29
(/usr/local/texlive/2012/texmf-dist/tex/latex/ms/everyshi.sty
Package: everyshi 2001/05/15 v3.00 EveryShipout Package (MS)
))
(/usr/local/texlive/2012/texmf-dist/tex/generic/pgf/utilities/pgfrcs.code.tex
Package: pgfrcs 2010/10/25 v2.10 (rcs-revision 1.24)
))
Package: pgf 2008/01/15 v2.10 (rcs-revision 1.12)
(/usr/local/texlive/2012/texmf-dist/tex/latex/pgf/basiclayer/pgfcore.sty
(/usr/local/texlive/2012/texmf-dist/tex/latex/pgf/systemlayer/pgfsys.sty
(/usr/local/texlive/2012/texmf-dist/tex/generic/pgf/systemlayer/pgfsys.code.tex
Package: pgfsys 2010/06/30 v2.10 (rcs-revision 1.37)
(/usr/local/texlive/2012/texmf-dist/tex/generic/pgf/utilities/pgfkeys.code.tex
\pgfkeys@pathtoks=\toks25
\pgfkeys@temptoks=\toks26

(/usr/local/texlive/2012/texmf-dist/tex/generic/pgf/utilities/pgfkeysfiltered.c
ode.tex
\pgfkeys@tmptoks=\toks27
))
\pgf@x=\dimen126
\pgf@y=\dimen127
\pgf@xa=\dimen128
\pgf@ya=\dimen129
\pgf@xb=\dimen130
\pgf@yb=\dimen131
\pgf@xc=\dimen132
\pgf@yc=\dimen133
\w@pgf@writea=\write3
\r@pgf@reada=\read2
\c@pgf@counta=\count109
\c@pgf@countb=\count110
\c@pgf@countc=\count111
\c@pgf@countd=\count112

(/usr/local/texlive/2012/texmf-dist/tex/generic/pgf/systemlayer/pgf.cfg
File: pgf.cfg 2008/05/14  (rcs-revision 1.7)
)
Package pgfsys Info: Driver file for pgf: pgfsys-pdftex.def on input line 900.

(/usr/local/texlive/2012/texmf-dist/tex/generic/pgf/systemlayer/pgfsys-pdftex.d
ef
File: pgfsys-pdftex.def 2009/05/22  (rcs-revision 1.26)

(/usr/local/texlive/2012/texmf-dist/tex/generic/pgf/systemlayer/pgfsys-common-p
df.def
File: pgfsys-common-pdf.def 2008/05/19  (rcs-revision 1.10)
)))
(/usr/local/texlive/2012/texmf-dist/tex/generic/pgf/systemlayer/pgfsyssoftpath.
code.tex
File: pgfsyssoftpath.code.tex 2008/07/18  (rcs-revision 1.7)
\pgfsyssoftpath@smallbuffer@items=\count113
\pgfsyssoftpath@bigbuffer@items=\count114
)
(/usr/local/texlive/2012/texmf-dist/tex/generic/pgf/systemlayer/pgfsysprotocol.
code.tex
File: pgfsysprotocol.code.tex 2006/10/16  (rcs-revision 1.4)
)) (/usr/local/texlive/2012/texmf-dist/tex/latex/xcolor/xcolor.sty
Package: xcolor 2007/01/21 v2.11 LaTeX color extensions (UK)

(/usr/local/texlive/2012/texmf-dist/tex/latex/latexconfig/color.cfg
File: color.cfg 2007/01/18 v1.5 color configuration of teTeX/TeXLive
)
Package xcolor Info: Driver file: pdftex.def on input line 225.
Package xcolor Info: Model `cmy' substituted by `cmy0' on input line 1337.
Package xcolor Info: Model `hsb' substituted by `rgb' on input line 1341.
Package xcolor Info: Model `RGB' extended on input line 1353.
Package xcolor Info: Model `HTML' substituted by `rgb' on input line 1355.
Package xcolor Info: Model `Hsb' substituted by `hsb' on input line 1356.
Package xcolor Info: Model `tHsb' substituted by `hsb' on input line 1357.
Package xcolor Info: Model `HSB' substituted by `hsb' on input line 1358.
Package xcolor Info: Model `Gray' substituted by `gray' on input line 1359.
Package xcolor Info: Model `wave' substituted by `hsb' on input line 1360.
)
(/usr/local/texlive/2012/texmf-dist/tex/generic/pgf/basiclayer/pgfcore.code.tex
Package: pgfcore 2010/04/11 v2.10 (rcs-revision 1.7)
(/usr/local/texlive/2012/texmf-dist/tex/generic/pgf/math/pgfmath.code.tex
(/usr/local/texlive/2012/texmf-dist/tex/generic/pgf/math/pgfmathcalc.code.tex
(/usr/local/texlive/2012/texmf-dist/tex/generic/pgf/math/pgfmathutil.code.tex)
(/usr/local/texlive/2012/texmf-dist/tex/generic/pgf/math/pgfmathparser.code.tex
\pgfmath@dimen=\dimen134
\pgfmath@count=\count115
\pgfmath@box=\box30
\pgfmath@toks=\toks28
\pgfmath@stack@operand=\toks29
\pgfmath@stack@operation=\toks30
)
(/usr/local/texlive/2012/texmf-dist/tex/generic/pgf/math/pgfmathfunctions.code.
tex
(/usr/local/texlive/2012/texmf-dist/tex/generic/pgf/math/pgfmathfunctions.basic
.code.tex)
(/usr/local/texlive/2012/texmf-dist/tex/generic/pgf/math/pgfmathfunctions.trigo
nometric.code.tex)
(/usr/local/texlive/2012/texmf-dist/tex/generic/pgf/math/pgfmathfunctions.rando
m.code.tex)
(/usr/local/texlive/2012/texmf-dist/tex/generic/pgf/math/pgfmathfunctions.compa
rison.code.tex)
(/usr/local/texlive/2012/texmf-dist/tex/generic/pgf/math/pgfmathfunctions.base.
code.tex)
(/usr/local/texlive/2012/texmf-dist/tex/generic/pgf/math/pgfmathfunctions.round
.code.tex)
(/usr/local/texlive/2012/texmf-dist/tex/generic/pgf/math/pgfmathfunctions.misc.
code.tex)))
(/usr/local/texlive/2012/texmf-dist/tex/generic/pgf/math/pgfmathfloat.code.tex
\c@pgfmathroundto@lastzeros=\count116
))
(/usr/local/texlive/2012/texmf-dist/tex/generic/pgf/basiclayer/pgfcorepoints.co
de.tex
File: pgfcorepoints.code.tex 2010/04/09  (rcs-revision 1.20)
\pgf@picminx=\dimen135
\pgf@picmaxx=\dimen136
\pgf@picminy=\dimen137
\pgf@picmaxy=\dimen138
\pgf@pathminx=\dimen139
\pgf@pathmaxx=\dimen140
\pgf@pathminy=\dimen141
\pgf@pathmaxy=\dimen142
\pgf@xx=\dimen143
\pgf@xy=\dimen144
\pgf@yx=\dimen145
\pgf@yy=\dimen146
\pgf@zx=\dimen147
\pgf@zy=\dimen148
)
(/usr/local/texlive/2012/texmf-dist/tex/generic/pgf/basiclayer/pgfcorepathconst
ruct.code.tex
File: pgfcorepathconstruct.code.tex 2010/08/03  (rcs-revision 1.24)
\pgf@path@lastx=\dimen149
\pgf@path@lasty=\dimen150
)
(/usr/local/texlive/2012/texmf-dist/tex/generic/pgf/basiclayer/pgfcorepathusage
.code.tex
File: pgfcorepathusage.code.tex 2008/04/22  (rcs-revision 1.12)
\pgf@shorten@end@additional=\dimen151
\pgf@shorten@start@additional=\dimen152
)
(/usr/local/texlive/2012/texmf-dist/tex/generic/pgf/basiclayer/pgfcorescopes.co
de.tex
File: pgfcorescopes.code.tex 2010/09/08  (rcs-revision 1.34)
\pgfpic=\box31
\pgf@hbox=\box32
\pgf@layerbox@main=\box33
\pgf@picture@serial@count=\count117
)
(/usr/local/texlive/2012/texmf-dist/tex/generic/pgf/basiclayer/pgfcoregraphicst
ate.code.tex
File: pgfcoregraphicstate.code.tex 2008/04/22  (rcs-revision 1.9)
\pgflinewidth=\dimen153
)
(/usr/local/texlive/2012/texmf-dist/tex/generic/pgf/basiclayer/pgfcoretransform
ations.code.tex
File: pgfcoretransformations.code.tex 2009/06/10  (rcs-revision 1.11)
\pgf@pt@x=\dimen154
\pgf@pt@y=\dimen155
\pgf@pt@temp=\dimen156
)
(/usr/local/texlive/2012/texmf-dist/tex/generic/pgf/basiclayer/pgfcorequick.cod
e.tex
File: pgfcorequick.code.tex 2008/10/09  (rcs-revision 1.3)
)
(/usr/local/texlive/2012/texmf-dist/tex/generic/pgf/basiclayer/pgfcoreobjects.c
ode.tex
File: pgfcoreobjects.code.tex 2006/10/11  (rcs-revision 1.2)
)
(/usr/local/texlive/2012/texmf-dist/tex/generic/pgf/basiclayer/pgfcorepathproce
ssing.code.tex
File: pgfcorepathprocessing.code.tex 2008/10/09  (rcs-revision 1.8)
)
(/usr/local/texlive/2012/texmf-dist/tex/generic/pgf/basiclayer/pgfcorearrows.co
de.tex
File: pgfcorearrows.code.tex 2008/04/23  (rcs-revision 1.11)
)
(/usr/local/texlive/2012/texmf-dist/tex/generic/pgf/basiclayer/pgfcoreshade.cod
e.tex
File: pgfcoreshade.code.tex 2008/11/23  (rcs-revision 1.13)
\pgf@max=\dimen157
\pgf@sys@shading@range@num=\count118
)
(/usr/local/texlive/2012/texmf-dist/tex/generic/pgf/basiclayer/pgfcoreimage.cod
e.tex
File: pgfcoreimage.code.tex 2010/03/25  (rcs-revision 1.16)

(/usr/local/texlive/2012/texmf-dist/tex/generic/pgf/basiclayer/pgfcoreexternal.
code.tex
File: pgfcoreexternal.code.tex 2010/09/01  (rcs-revision 1.17)
\pgfexternal@startupbox=\box34
))
(/usr/local/texlive/2012/texmf-dist/tex/generic/pgf/basiclayer/pgfcorelayers.co
de.tex
File: pgfcorelayers.code.tex 2010/08/27  (rcs-revision 1.2)
)
(/usr/local/texlive/2012/texmf-dist/tex/generic/pgf/basiclayer/pgfcoretranspare
ncy.code.tex
File: pgfcoretransparency.code.tex 2008/01/17  (rcs-revision 1.2)
)
(/usr/local/texlive/2012/texmf-dist/tex/generic/pgf/basiclayer/pgfcorepatterns.
code.tex
File: pgfcorepatterns.code.tex 2009/07/02  (rcs-revision 1.3)
)))
(/usr/local/texlive/2012/texmf-dist/tex/generic/pgf/modules/pgfmoduleshapes.cod
e.tex
File: pgfmoduleshapes.code.tex 2010/09/09  (rcs-revision 1.13)
\pgfnodeparttextbox=\box35
)
(/usr/local/texlive/2012/texmf-dist/tex/generic/pgf/modules/pgfmoduleplot.code.
tex
File: pgfmoduleplot.code.tex 2010/10/22  (rcs-revision 1.8)
)
(/usr/local/texlive/2012/texmf-dist/tex/latex/pgf/compatibility/pgfcomp-version
-0-65.sty
Package: pgfcomp-version-0-65 2007/07/03 v2.10 (rcs-revision 1.7)
\pgf@nodesepstart=\dimen158
\pgf@nodesepend=\dimen159
)
(/usr/local/texlive/2012/texmf-dist/tex/latex/pgf/compatibility/pgfcomp-version
-1-18.sty
Package: pgfcomp-version-1-18 2007/07/23 v2.10 (rcs-revision 1.1)
))
(/usr/local/texlive/2012/texmf-dist/tex/latex/pgf/utilities/pgffor.sty
(/usr/local/texlive/2012/texmf-dist/tex/latex/pgf/utilities/pgfkeys.sty
(/usr/local/texlive/2012/texmf-dist/tex/generic/pgf/utilities/pgfkeys.code.tex)
) (/usr/local/texlive/2012/texmf-dist/tex/generic/pgf/utilities/pgffor.code.tex
Package: pgffor 2010/03/23 v2.10 (rcs-revision 1.18)
\pgffor@iter=\dimen160
\pgffor@skip=\dimen161
\pgffor@stack=\toks31
\pgffor@toks=\toks32
))
(/usr/local/texlive/2012/texmf-dist/tex/generic/pgf/frontendlayer/tikz/tikz.cod
e.tex
Package: tikz 2010/10/13 v2.10 (rcs-revision 1.76)

(/usr/local/texlive/2012/texmf-dist/tex/generic/pgf/libraries/pgflibraryplothan
dlers.code.tex
File: pgflibraryplothandlers.code.tex 2010/05/31 v2.10 (rcs-revision 1.15)
\pgf@plot@mark@count=\count119
\pgfplotmarksize=\dimen162
)
\tikz@lastx=\dimen163
\tikz@lasty=\dimen164
\tikz@lastxsaved=\dimen165
\tikz@lastysaved=\dimen166
\tikzleveldistance=\dimen167
\tikzsiblingdistance=\dimen168
\tikz@figbox=\box36
\tikz@tempbox=\box37
\tikztreelevel=\count120
\tikznumberofchildren=\count121
\tikznumberofcurrentchild=\count122
\tikz@fig@count=\count123

(/usr/local/texlive/2012/texmf-dist/tex/generic/pgf/modules/pgfmodulematrix.cod
e.tex
File: pgfmodulematrix.code.tex 2010/08/24  (rcs-revision 1.4)
\pgfmatrixcurrentrow=\count124
\pgfmatrixcurrentcolumn=\count125
\pgf@matrix@numberofcolumns=\count126
)
\tikz@expandcount=\count127

(/usr/local/texlive/2012/texmf-dist/tex/generic/pgf/frontendlayer/tikz/librarie
s/tikzlibrarytopaths.code.tex
File: tikzlibrarytopaths.code.tex 2008/06/17 v2.10 (rcs-revision 1.2)
)))
(/usr/local/texlive/2012/texmf-dist/tex/latex/amsfonts/amssymb.sty
Package: amssymb 2009/06/22 v3.00

(/usr/local/texlive/2012/texmf-dist/tex/latex/amsfonts/amsfonts.sty
Package: amsfonts 2009/06/22 v3.00 Basic AMSFonts support
\symAMSa=\mathgroup4
\symAMSb=\mathgroup5
LaTeX Font Info:    Overwriting math alphabet `\mathfrak' in version `bold'
(Font)                  U/euf/m/n --> U/euf/b/n on input line 96.
))
(/usr/local/texlive/2012/texmf-dist/tex/latex/oberdiek/epstopdf.sty
Package: epstopdf 2010/02/09 v2.5 Conversion with epstopdf on the fly (HO)

(/usr/local/texlive/2012/texmf-dist/tex/latex/oberdiek/epstopdf-base.sty
Package: epstopdf-base 2010/02/09 v2.5 Base part for package epstopdf

(/usr/local/texlive/2012/texmf-dist/tex/latex/oberdiek/grfext.sty
Package: grfext 2010/08/19 v1.1 Manage graphics extensions (HO)

(/usr/local/texlive/2012/texmf-dist/tex/generic/oberdiek/kvdefinekeys.sty
Package: kvdefinekeys 2011/04/07 v1.3 Define keys (HO)
))
(/usr/local/texlive/2012/texmf-dist/tex/latex/oberdiek/kvoptions.sty
Package: kvoptions 2011/06/30 v3.11 Key value format for package options (HO)

(/usr/local/texlive/2012/texmf-dist/tex/generic/oberdiek/kvsetkeys.sty
Package: kvsetkeys 2012/04/25 v1.16 Key value parser (HO)

(/usr/local/texlive/2012/texmf-dist/tex/generic/oberdiek/etexcmds.sty
Package: etexcmds 2011/02/16 v1.5 Avoid name clashes with e-TeX commands (HO)

(/usr/local/texlive/2012/texmf-dist/tex/generic/oberdiek/ifluatex.sty
Package: ifluatex 2010/03/01 v1.3 Provides the ifluatex switch (HO)
Package ifluatex Info: LuaTeX not detected.
)
Package etexcmds Info: Could not find \expanded.
(etexcmds)             That can mean that you are not using pdfTeX 1.50 or
(etexcmds)             that some package has redefined \expanded.
(etexcmds)             In the latter case, load this package earlier.
)))
(/usr/local/texlive/2012/texmf-dist/tex/generic/oberdiek/pdftexcmds.sty
Package: pdftexcmds 2011/11/29 v0.20 Utility functions of pdfTeX for LuaTeX (HO
)
Package pdftexcmds Info: LuaTeX not detected.
Package pdftexcmds Info: \pdf@primitive is available.
Package pdftexcmds Info: \pdf@ifprimitive is available.
Package pdftexcmds Info: \pdfdraftmode found.
)
Package grfext Info: Graphics extension search list:
(grfext)             [.png,.pdf,.jpg,.mps,.jpeg,.jbig2,.jb2,.PNG,.PDF,.JPG,.JPE
G,.JBIG2,.JB2,.eps]
(grfext)             \AppendGraphicsExtensions on input line 452.

(/usr/local/texlive/2012/texmf-dist/tex/latex/latexconfig/epstopdf-sys.cfg
File: epstopdf-sys.cfg 2010/07/13 v1.3 Configuration of (r)epstopdf for TeX Liv
e
)))
(/usr/local/texlive/2012/texmf-dist/tex/latex/blindtext/blindtext.sty
Package: blindtext 2012/01/06 V2.0 blindtext-Package

(/usr/local/texlive/2012/texmf-dist/tex/latex/tools/xspace.sty
Package: xspace 2009/10/20 v1.13 Space after command names (DPC,MH)
)
\c@blindtext=\count128
\c@Blindtext=\count129
\c@blind@countparstart=\count130
\blind@countxx=\count131
\blindtext@numBlindtext=\count132
\blind@countyy=\count133
\c@blindlist=\count134
\c@blindlistlevel=\count135
\c@blindlist@level=\count136
\blind@listitem=\count137
\c@blind@listcount=\count138
\c@blind@levelcount=\count139
\blind@mathformula=\count140
\blind@Mathformula=\count141
\c@blind@randomcount=\count142
\c@blind@randommax=\count143
\c@blind@pangramcount=\count144
\c@blind@pangrammax=\count145
)
(/usr/local/texlive/2012/texmf-dist/tex/latex/soul/soul.sty
Package: soul 2003/11/17 v2.4 letterspacing/underlining (mf)
\SOUL@word=\toks33
\SOUL@lasttoken=\toks34
\SOUL@cmds=\toks35
\SOUL@buffer=\toks36
\SOUL@token=\toks37
\SOUL@spaceskip=\skip54
\SOUL@ttwidth=\dimen169
\SOUL@uldp=\dimen170
\SOUL@ulht=\dimen171
)
(/usr/local/texlive/2012/texmf-dist/tex/latex/was/gensymb.sty
Package: gensymb 2003/07/02 v1.0 (WaS)
)
(/usr/local/texlive/2012/texmf-dist/tex/latex/url/url.sty
\Urlmuskip=\muskip11
Package: url 2006/04/12  ver 3.3  Verb mode for urls, etc.
)

! LaTeX Error: File `mcode.sty' not found.

Type X to quit or <RETURN> to proceed,
or enter new name. (Default extension: sty)

Enter file name: 
(/usr/local/texlive/2012/texmf-dist/tex/latex/float/float.sty
Package: float 2001/11/08 v1.3d Float enhancements (AL)
\c@float@type=\count146
\float@exts=\toks38
\float@box=\box38
\@float@everytoks=\toks39
\@floatcapt=\box39
)
(/usr/local/texlive/2012/texmf-dist/tex/latex/caption/caption.sty
Package: caption 2012/02/19 v3.2f Customizing captions (AR)

(/usr/local/texlive/2012/texmf-dist/tex/latex/caption/caption3.sty
Package: caption3 2012/01/12 v1.4b caption3 kernel (AR)
\captionmargin=\dimen172
\captionmargin@=\dimen173
\captionwidth=\dimen174
\caption@indent=\dimen175
\caption@parindent=\dimen176
\caption@hangindent=\dimen177
)
\c@ContinuedFloat=\count147
Package caption Info: float package is loaded.
Package caption Info: subfigure package is loaded.
Package caption Info: wrapfig package is loaded.
)
(/usr/local/texlive/2012/texmf-dist/tex/latex/listings/listings.sty
\lst@mode=\count148
\lst@gtempboxa=\box40
\lst@token=\toks40
\lst@length=\count149
\lst@currlwidth=\dimen178
\lst@column=\count150
\lst@pos=\count151
\lst@lostspace=\dimen179
\lst@width=\dimen180
\lst@newlines=\count152
\lst@lineno=\count153
\lst@maxwidth=\dimen181

(/usr/local/texlive/2012/texmf-dist/tex/latex/listings/lstmisc.sty
File: lstmisc.sty 2007/02/22 1.4 (Carsten Heinz)
\c@lstnumber=\count154
\lst@skipnumbers=\count155
\lst@framebox=\box41
)
(/usr/local/texlive/2012/texmf-dist/tex/latex/listings/listings.cfg
File: listings.cfg 2007/02/22 1.4 listings configuration
))
Package: listings 2007/02/22 1.4 (Carsten Heinz)

(/usr/local/texlive/2012/texmf-dist/tex/latex/listings/lstlang1.sty
File: lstlang1.sty 2004/09/05 1.3 listings language file
)
(./Report.aux

LaTeX Warning: Label `emptyCap' multiply defined.

)
\openout1 = `Report.aux'.

LaTeX Font Info:    Checking defaults for OML/cmm/m/it on input line 60.
LaTeX Font Info:    ... okay on input line 60.
LaTeX Font Info:    Checking defaults for T1/cmr/m/n on input line 60.
LaTeX Font Info:    ... okay on input line 60.
LaTeX Font Info:    Checking defaults for OT1/cmr/m/n on input line 60.
LaTeX Font Info:    ... okay on input line 60.
LaTeX Font Info:    Checking defaults for OMS/cmsy/m/n on input line 60.
LaTeX Font Info:    ... okay on input line 60.
LaTeX Font Info:    Checking defaults for OMX/cmex/m/n on input line 60.
LaTeX Font Info:    ... okay on input line 60.
LaTeX Font Info:    Checking defaults for U/cmr/m/n on input line 60.
LaTeX Font Info:    ... okay on input line 60.

*geometry* driver: auto-detecting
*geometry* detected driver: pdftex
*geometry* verbose mode - [ preamble ] result:
* driver: pdftex
* paper: letterpaper
* layout: <same size as paper>
* layoutoffset:(h,v)=(0.0pt,0.0pt)
* modes: 
* h-part:(L,W,R)=(92.14519pt, 430.00462pt, 92.14519pt)
* v-part:(T,H,B)=(95.39737pt, 556.47656pt, 143.09605pt)
* \paperwidth=614.295pt
* \paperheight=794.96999pt
* \textwidth=491.43622pt
* \textheight=664.88377pt
* \oddsidemargin=-7.22743pt
* \evensidemargin=19.8752pt
* \topmargin=-43.36243pt
* \headheight=12.0pt
* \headsep=25.0pt
* \topskip=11.0pt
* \footskip=30.0pt
* \marginparwidth=59.0pt
* \marginparsep=10.0pt
* \columnsep=10.0pt
* \skip\footins=10.0pt plus 4.0pt minus 2.0pt
* \hoffset=0.0pt
* \voffset=0.0pt
* \mag=1000
* \@twocolumnfalse
* \@twosidefalse
* \@mparswitchfalse
* \@reversemarginfalse
* (1in=72.27pt=25.4mm, 1cm=28.453pt)

(/usr/local/texlive/2012/texmf-dist/tex/context/base/supp-pdf.mkii
[Loading MPS to PDF converter (version 2006.09.02).]
\scratchcounter=\count156
\scratchdimen=\dimen182
\scratchbox=\box42
\nofMPsegments=\count157
\nofMParguments=\count158
\everyMPshowfont=\toks41
\MPscratchCnt=\count159
\MPscratchDim=\dimen183
\MPnumerator=\count160
\makeMPintoPDFobject=\count161
\everyMPtoPDFconversion=\toks42
) ABD: EveryShipout initializing macros
LaTeX Info: Redefining \celsius on input line 60.
Package gensymb Info: Faking symbols for \degree and \celsius on input line 60.



Package gensymb Warning: Not defining \perthousand.

LaTeX Info: Redefining \ohm on input line 60.
Package gensymb Info: Using \Omega for \ohm on input line 60.

Package gensymb Warning: Not defining \micro.

Package caption Info: Begin \AtBeginDocument code.
Package caption Info: listings package is loaded.
Package caption Info: End \AtBeginDocument code.
\c@lstlisting=\count162
LaTeX Font Info:    Try loading font information for U+msa on input line 61.
(/usr/local/texlive/2012/texmf-dist/tex/latex/amsfonts/umsa.fd
File: umsa.fd 2009/06/22 v3.00 AMS symbols A
)
LaTeX Font Info:    Try loading font information for U+msb on input line 61.

(/usr/local/texlive/2012/texmf-dist/tex/latex/amsfonts/umsb.fd
File: umsb.fd 2009/06/22 v3.00 AMS symbols B
)
<nematic.jpg, id=4, 650.43pt x 867.24pt>
File: nematic.jpg Graphic file (type jpg)
 <use nematic.jpg>
Package pdftex.def Info: nematic.jpg used on input line 79.
(pdftex.def)             Requested size: 110.57162pt x 147.42885pt.

<smecticA.jpg, id=5, 758.835pt x 867.24pt>
File: smecticA.jpg Graphic file (type jpg)
 <use smecticA.jpg>
Package pdftex.def Info: smecticA.jpg used on input line 84.
(pdftex.def)             Requested size: 129.00024pt x 147.42885pt.

<smecticC.jpg, id=6, 939.51pt x 867.24pt>
File: smecticC.jpg Graphic file (type jpg)
 <use smecticC.jpg>
Package pdftex.def Info: smecticC.jpg used on input line 89.
(pdftex.def)             Requested size: 159.71458pt x 147.42885pt.

Overfull \hbox (12.28223pt too wide) in paragraph at lines 89--90
 [][] 
 []

[1

{/usr/local/texlive/2012/texmf-var/fonts/map/pdftex/updmap/pdftex.map}]
<tiltcone.jpg, id=19, 1046.91125pt x 1028.84375pt>
File: tiltcone.jpg Graphic file (type jpg)
 <use tiltcone.jpg>
Package pdftex.def Info: tiltcone.jpg used on input line 107.
(pdftex.def)             Requested size: 104.69725pt x 102.8904pt.


Package amsfonts Warning: Obsolete command \bold; \mathbf should be used instea
d on input line 113.

<combo.jpg, id=20, 781.2387pt x 867.24pt>
File: combo.jpg Graphic file (type jpg)
 <use combo.jpg>
Package pdftex.def Info: combo.jpg used on input line 119.
(pdftex.def)             Requested size: 218.74535pt x 242.82555pt.

<chiral.jpg, id=21, 613.29124pt x 1041.8925pt>
File: chiral.jpg Graphic file (type jpg)
 <use chiral.jpg>
Package pdftex.def Info: chiral.jpg used on input line 123.
(pdftex.def)             Requested size: 153.32243pt x 260.47249pt.
 [2 <./nematic.jpg> <./smecticA.jpg> <./smecticC.jpg> <./tiltcone.jpg>] [3 <./c
ombo.jpg> <./chiral.jpg>]
Missing character: There is no Ê in font cmr10!
Missing character: There is no Ê in font cmr10!
Missing character: There is no Ê in font cmr10!
Missing character: There is no Ê in font cmr10!
Missing character: There is no Ê in font cmr10!
Missing character: There is no Ê in font cmr10!
Missing character: There is no Ê in font cmr10!
Missing character: There is no Ê in font cmr10!
Missing character: There is no Ê in font cmr10!
Missing character: There is no Ê in font cmr10!
Missing character: There is no Ê in font cmr10!
Missing character: There is no Ê in font cmr10!
Missing character: There is no Ê in font cmr10!
Missing character: There is no Ê in font cmr10!
Missing character: There is no Ê in font cmr10!
Missing character: There is no Ê in font cmr10!
Missing character: There is no Ê in font cmr10!
Missing character: There is no Ê in font cmr10!
Missing character: There is no Ê in font cmr10!
Missing character: There is no Ê in font cmr10!
Missing character: There is no Ê in font cmr10!
Missing character: There is no Ê in font cmr10!
Missing character: There is no Ê in font cmr10!
Missing character: There is no Ê in font cmr10!
Missing character: There is no Ê in font cmr10!
Missing character: There is no Ê in font cmr10!
Missing character: There is no Ê in font cmr10!
Missing character: There is no Ê in font cmr10!
Missing character: There is no Ê in font cmr10!
Missing character: There is no Ê in font cmr10!
Missing character: There is no Ê in font cmr10!
Missing character: There is no Ê in font cmr10!
Missing character: There is no Ê in font cmr10!
Missing character: There is no Ê in font cmr10!
Missing character: There is no Ê in font cmr10!
Missing character: There is no Ê in font cmr10!
Missing character: There is no Ê in font cmr10!
Missing character: There is no Ê in font cmr10!
Missing character: There is no Ê in font cmr10!
Missing character: There is no Ê in font cmr10!
Missing character: There is no Ê in font cmr10!
Missing character: There is no Ê in font cmr10!
Missing character: There is no Ê in font cmr10!
Missing character: There is no Ê in font cmr10!
Missing character: There is no Ê in font cmr10!
Missing character: There is no Ê in font cmr10!
Missing character: There is no Ê in font cmr10!
Missing character: There is no Ê in font cmr10!
Missing character: There is no Ê in font cmr10!
Missing character: There is no Ê in font cmr10!
Missing character: There is no Ê in font cmr10!
Missing character: There is no Ê in font cmr10!
Missing character: There is no Ê in font cmr10!
Missing character: There is no Ê in font cmr10!
Missing character: There is no Ê in font cmr10!
Missing character: There is no Ê in font cmr10!
Missing character: There is no Ê in font cmr10!
Missing character: There is no Ê in font cmr10!
Missing character: There is no Ê in font cmr10!
Missing character: There is no Ê in font cmr10!
Missing character: There is no Ê in font cmr10!
Missing character: There is no Ê in font cmr10!
Missing character: There is no Ê in font cmr10!
Missing character: There is no Ê in font cmr10!
Missing character: There is no Ê in font cmr10!
Missing character: There is no Ê in font cmr10!
Missing character: There is no Ê in font cmr10!
Missing character: There is no Ê in font cmr10!
Missing character: There is no Ê in font cmr10!
Missing character: There is no Ê in font cmr10!
Missing character: There is no Ê in font cmr10!
Missing character: There is no Ê in font cmr10!
Missing character: There is no Ê in font cmr10!
Missing character: There is no Ê in font cmr10!
Missing character: There is no Ê in font cmr10!
Missing character: There is no Ê in font cmr10!
Missing character: There is no Ê in font cmr10!
Missing character: There is no Ê in font cmr10!
Missing character: There is no Ê in font cmr10!
Missing character: There is no Ê in font cmr10!
Missing character: There is no Ê in font cmr10!
Missing character: There is no Ê in font cmr10!
Missing character: There is no Ê in font cmr10!
Missing character: There is no Ê in font cmr10!
Missing character: There is no Ê in font cmr10!
Missing character: There is no Ê in font cmr10!
Missing character: There is no Ê in font cmr10!
Missing character: There is no Ê in font cmr10!
Missing character: There is no Ê in font cmr10!
Missing character: There is no Ê in font cmr10!
Missing character: There is no Ê in font cmr10!
Missing character: There is no Ê in font cmr10!
Missing character: There is no Ê in font cmr10!
Missing character: There is no Ê in font cmr10!
Missing character: There is no Ê in font cmr10!
Missing character: There is no Ê in font cmr10!
Missing character: There is no Ê in font cmr10!
Missing character: There is no Ê in font cmr10!
Missing character: There is no Ê in font cmr10!
Missing character: There is no Ê in font cmr10!
Missing character: There is no Ê in font cmr10!
Missing character: There is no Ê in font cmr10!
Missing character: There is no Ê in font cmr10!
Missing character: There is no Ê in font cmr10!
Missing character: There is no Ê in font cmr10!
Missing character: There is no Ê in font cmr10!
Missing character: There is no Ê in font cmr10!
Missing character: There is no Ê in font cmr10!
Missing character: There is no Ê in font cmr10!
Missing character: There is no Ê in font cmr10!
Missing character: There is no Ê in font cmr10!
Missing character: There is no Ê in font cmr10!
Missing character: There is no Ê in font cmr10!
Missing character: There is no Ê in font cmr10!
Missing character: There is no Ê in font cmr10!
Missing character: There is no Ê in font cmr10!
Missing character: There is no Ê in font cmr10!
Missing character: There is no Ê in font cmr10!
Missing character: There is no Ê in font cmr10!
Missing character: There is no Ê in font cmr10!
Missing character: There is no Ê in font cmr10!
Missing character: There is no Ê in font cmr10!
Missing character: There is no Ê in font cmr10!
Missing character: There is no Ê in font cmr10!
Missing character: There is no Ê in font cmr10!
Missing character: There is no Ê in font cmr10!
Missing character: There is no Ê in font cmr10!
Missing character: There is no Ê in font cmr10!
Missing character: There is no Ê in font cmr10!
Missing character: There is no Ê in font cmr10!
Missing character: There is no Ê in font cmr10!
Missing character: There is no Ê in font cmr10!
Missing character: There is no Ê in font cmr10!
Missing character: There is no Ê in font cmr10!
Missing character: There is no Ê in font cmr10!
Missing character: There is no Ê in font cmr10!
Missing character: There is no Ê in font cmr10!
Missing character: There is no Ê in font cmr10!
Missing character: There is no Ê in font cmr10!
Missing character: There is no Ê in font cmr10!
Missing character: There is no Ê in font cmr10!
Missing character: There is no Ê in font cmr10!
Missing character: There is no Ê in font cmr10!
Missing character: There is no Ê in font cmr10!
Missing character: There is no Ê in font cmr10!
Missing character: There is no Ê in font cmr10!
Missing character: There is no Ê in font cmr10!
Missing character: There is no Ê in font cmr10!
Missing character: There is no Ê in font cmr10!
Missing character: There is no Ê in font cmr10!
Missing character: There is no Ê in font cmr10!
Missing character: There is no Ê in font cmr10!
Missing character: There is no Ê in font cmr10!
Missing character: There is no Ê in font cmr10!
Missing character: There is no Ê in font cmr10!
Missing character: There is no Ê in font cmr10!
Missing character: There is no Ê in font cmr10!
Missing character: There is no Ê in font cmr10!
Missing character: There is no Ê in font cmr10!
Missing character: There is no Ê in font cmr10!
Missing character: There is no Ê in font cmr10!
Missing character: There is no Ê in font cmr10!
Missing character: There is no Ê in font cmr10!
Missing character: There is no Ê in font cmr10!
Missing character: There is no Ê in font cmr10!
Missing character: There is no Ê in font cmr10!
Missing character: There is no Ê in font cmr10!
Missing character: There is no Ê in font cmr10!
Missing character: There is no Ê in font cmr10!
Missing character: There is no Ê in font cmr10!
Missing character: There is no Ê in font cmr10!
Missing character: There is no Ê in font cmr10!
Missing character: There is no Ê in font cmr10!
Missing character: There is no Ê in font cmr10!
Missing character: There is no Ê in font cmr10!
Missing character: There is no Ê in font cmr10!
Missing character: There is no Ê in font cmr10!
Missing character: There is no Ê in font cmr10!
Missing character: There is no Ê in font cmr10!
Missing character: There is no Ê in font cmr10!
Missing character: There is no Ê in font cmr10!
Missing character: There is no Ê in font cmr10!
Missing character: There is no Ê in font cmr10!
Missing character: There is no Ê in font cmr10!
Missing character: There is no Ê in font cmr10!
Missing character: There is no Ê in font cmr10!
Missing character: There is no Ê in font cmr10!
Missing character: There is no Ê in font cmr10!
Missing character: There is no Ê in font cmr10!
Missing character: There is no Ê in font cmr10!
Missing character: There is no Ê in font cmr10!
Missing character: There is no Ê in font cmr10!
Missing character: There is no Ê in font cmr10!
Missing character: There is no Ê in font cmr10!
Missing character: There is no Ê in font cmr10!
Missing character: There is no Ê in font cmr10!
Missing character: There is no Ê in font cmr10!
Missing character: There is no Ê in font cmr10!
Missing character: There is no Ê in font cmr10!
Missing character: There is no Ê in font cmr10!
Missing character: There is no Ê in font cmr10!
Missing character: There is no Ê in font cmr10!
Missing character: There is no Ê in font cmr10!
Missing character: There is no Ê in font cmr10!
Missing character: There is no Ê in font cmr10!
Missing character: There is no Ê in font cmr10!
Missing character: There is no Ê in font cmr10!
Missing character: There is no Ê in font cmr10!
Missing character: There is no Ê in font cmr10!
Missing character: There is no Ê in font cmr10!
Missing character: There is no Ê in font cmr10!
Missing character: There is no Ê in font cmr10!
Missing character: There is no Ê in font cmr10!
Missing character: There is no Ê in font cmr10!
Missing character: There is no Ê in font cmr10!
Missing character: There is no Ê in font cmr10!
Missing character: There is no Ê in font cmr10!
Missing character: There is no Ê in font cmr10!
Missing character: There is no Ê in font cmr10!
Missing character: There is no Ê in font cmr10!
Missing character: There is no Ê in font cmr10!
Missing character: There is no Ê in font cmr10!
Missing character: There is no Ê in font cmr10!
Missing character: There is no Ê in font cmr10!
Missing character: There is no Ê in font cmr10!
Missing character: There is no Ê in font cmr10!
Missing character: There is no Ê in font cmr10!
Missing character: There is no Ê in font cmr10!
Missing character: There is no Ê in font cmr10!
Missing character: There is no Ê in font cmr10!

Overfull \hbox (2.22311pt too wide) in paragraph at lines 144--153
[][] 
 []

<EmptyCapacitor.jpg, id=29, 1606.0pt x 1204.5pt>
File: EmptyCapacitor.jpg Graphic file (type jpg)
 <use EmptyCapacitor.jpg>
Package pdftex.def Info: EmptyCapacitor.jpg used on input line 169.
(pdftex.def)             Requested size: 221.14479pt x 165.85359pt.

<LCCapacitor.jpg, id=30, 1606.0pt x 1204.5pt>
File: LCCapacitor.jpg Graphic file (type jpg)
 <use LCCapacitor.jpg>
Package pdftex.def Info: LCCapacitor.jpg used on input line 176.
(pdftex.def)             Requested size: 221.14479pt x 165.85359pt.
 [4]
Package epstopdf Info: Source file: <phaselag.eps>
(epstopdf)                    date: 2013-01-16 11:24:45
(epstopdf)                    size: 14079 bytes
(epstopdf)             Output file: <phaselag-eps-converted-to.pdf>
(epstopdf)                    date: 2013-01-16 11:24:50
(epstopdf)                    size: 10482 bytes
(epstopdf)             Command: <repstopdf --outfile=phaselag-eps-converted-to.
pdf phaselag.eps>
(epstopdf)             \includegraphics on input line 206.
Package epstopdf Info: Output file is already uptodate.

<phaselag-eps-converted-to.pdf, id=34, 902.37125pt x 441.65pt>
File: phaselag-eps-converted-to.pdf Graphic file (type pdf)

<use phaselag-eps-converted-to.pdf>
Package pdftex.def Info: phaselag-eps-converted-to.pdf used on input line 206.
(pdftex.def)             Requested size: 451.18452pt x 220.82445pt.
 [5 <./EmptyCapacitor.jpg> <./LCCapacitor.jpg>] [6 <./phaselag-eps-converted-to
.pdf>]
<ReVsIm1.jpg, id=53, 1606.0pt x 1204.5pt>
File: ReVsIm1.jpg Graphic file (type jpg)
 <use ReVsIm1.jpg>
Package pdftex.def Info: ReVsIm1.jpg used on input line 248.
(pdftex.def)             Requested size: 240.8896pt x 180.6672pt.
 [7 <./ReVsIm1.jpg>]
Package epstopdf Info: Source file: <debye.eps>
(epstopdf)                    date: 2013-01-16 23:27:00
(epstopdf)                    size: 104923 bytes
(epstopdf)             Output file: <debye-eps-converted-to.pdf>
(epstopdf)                    date: 2013-01-16 23:29:06
(epstopdf)                    size: 49306 bytes
(epstopdf)             Command: <repstopdf --outfile=debye-eps-converted-to.pdf
 debye.eps>
(epstopdf)             \includegraphics on input line 286.
Package epstopdf Info: Output file is already uptodate.
<debye-eps-converted-to.pdf, id=59, 902.37125pt x 441.65pt>
File: debye-eps-converted-to.pdf Graphic file (type pdf)

<use debye-eps-converted-to.pdf>
Package pdftex.def Info: debye-eps-converted-to.pdf used on input line 286.
(pdftex.def)             Requested size: 270.71346pt x 132.49602pt.

Overfull \hbox (49.56866pt too wide) in paragraph at lines 286--288
 [][] 
 []

Package epstopdf Info: Source file: <cole.eps>
(epstopdf)                    date: 2013-02-11 16:37:53
(epstopdf)                    size: 24646 bytes
(epstopdf)             Output file: <cole-eps-converted-to.pdf>
(epstopdf)                    date: 2013-02-11 16:38:33
(epstopdf)                    size: 20510 bytes
(epstopdf)             Command: <repstopdf --outfile=cole-eps-converted-to.pdf 
cole.eps>
(epstopdf)             \includegraphics on input line 291.
Package epstopdf Info: Output file is already uptodate.
<cole-eps-converted-to.pdf, id=60, 902.37125pt x 441.65pt>
File: cole-eps-converted-to.pdf Graphic file (type pdf)

<use cole-eps-converted-to.pdf>
Package pdftex.def Info: cole-eps-converted-to.pdf used on input line 291.
(pdftex.def)             Requested size: 270.71346pt x 132.49602pt.

Overfull \hbox (49.56866pt too wide) in paragraph at lines 291--292
[][] 
 []

[8 <./debye-eps-converted-to.pdf> <./cole-eps-converted-to.pdf>]
<angleSmC.jpg, id=84, 1408.26125pt x 1004.75375pt>
File: angleSmC.jpg Graphic file (type jpg)
 <use angleSmC.jpg>
Package pdftex.def Info: angleSmC.jpg used on input line 306.
(pdftex.def)             Requested size: 211.23007pt x 150.70656pt.


Package wrapfig Warning: Stationary wrapfigure forced to float on input line 31
3.

[9 <./angleSmC.jpg>]
Package epstopdf Info: Source file: <real23.eps>
(epstopdf)                    date: 2013-03-09 13:32:16
(epstopdf)                    size: 46600 bytes
(epstopdf)             Output file: <real23-eps-converted-to.pdf>
(epstopdf)                    date: 2013-03-09 13:39:32
(epstopdf)                    size: 95338 bytes
(epstopdf)             Command: <repstopdf --outfile=real23-eps-converted-to.pd
f real23.eps>
(epstopdf)             \includegraphics on input line 329.
Package epstopdf Info: Output file is already uptodate.

<real23-eps-converted-to.pdf, id=88, 561.09625pt x 421.575pt>
File: real23-eps-converted-to.pdf Graphic file (type pdf)

<use real23-eps-converted-to.pdf>
Package pdftex.def Info: real23-eps-converted-to.pdf used on input line 329.
(pdftex.def)             Requested size: 252.49098pt x 189.70699pt.

Overfull \hbox (31.34619pt too wide) in paragraph at lines 329--330
 [][] 
 []

Package epstopdf Info: Source file: <real39.eps>
(epstopdf)                    date: 2013-03-09 13:41:59
(epstopdf)                    size: 47522 bytes
(epstopdf)             Output file: <real39-eps-converted-to.pdf>
(epstopdf)                    date: 2013-03-09 13:42:04
(epstopdf)                    size: 95829 bytes
(epstopdf)             Command: <repstopdf --outfile=real39-eps-converted-to.pd
f real39.eps>
(epstopdf)             \includegraphics on input line 333.
Package epstopdf Info: Output file is already uptodate.
<real39-eps-converted-to.pdf, id=89, 561.09625pt x 421.575pt>
File: real39-eps-converted-to.pdf Graphic file (type pdf)

<use real39-eps-converted-to.pdf>
Package pdftex.def Info: real39-eps-converted-to.pdf used on input line 333.
(pdftex.def)             Requested size: 252.49098pt x 189.70699pt.

Overfull \hbox (31.34619pt too wide) in paragraph at lines 333--334
[][] 
 []

Package epstopdf Info: Source file: <imag23.eps>
(epstopdf)                    date: 2013-03-09 13:31:54
(epstopdf)                    size: 48334 bytes
(epstopdf)             Output file: <imag23-eps-converted-to.pdf>
(epstopdf)                    date: 2013-03-09 13:40:07
(epstopdf)                    size: 100814 bytes
(epstopdf)             Command: <repstopdf --outfile=imag23-eps-converted-to.pd
f imag23.eps>
(epstopdf)             \includegraphics on input line 345.
Package epstopdf Info: Output file is already uptodate.
<imag23-eps-converted-to.pdf, id=90, 561.09625pt x 421.575pt>
File: imag23-eps-converted-to.pdf Graphic file (type pdf)

<use imag23-eps-converted-to.pdf>
Package pdftex.def Info: imag23-eps-converted-to.pdf used on input line 345.
(pdftex.def)             Requested size: 252.49098pt x 189.70699pt.

Overfull \hbox (31.34619pt too wide) in paragraph at lines 345--346
 [][] 
 []

Package epstopdf Info: Source file: <imag39.eps>
(epstopdf)                    date: 2013-03-09 13:36:13
(epstopdf)                    size: 48240 bytes
(epstopdf)             Output file: <imag39-eps-converted-to.pdf>
(epstopdf)                    date: 2013-03-09 13:40:08
(epstopdf)                    size: 98417 bytes
(epstopdf)             Command: <repstopdf --outfile=imag39-eps-converted-to.pd
f imag39.eps>
(epstopdf)             \includegraphics on input line 349.
Package epstopdf Info: Output file is already uptodate.
<imag39-eps-converted-to.pdf, id=91, 561.09625pt x 421.575pt>
File: imag39-eps-converted-to.pdf Graphic file (type pdf)

<use imag39-eps-converted-to.pdf>
Package pdftex.def Info: imag39-eps-converted-to.pdf used on input line 349.
(pdftex.def)             Requested size: 252.49098pt x 189.70699pt.

Overfull \hbox (31.34619pt too wide) in paragraph at lines 349--350
[][] 
 []

Package epstopdf Info: Source file: <cole23.eps>
(epstopdf)                    date: 2013-03-09 13:31:43
(epstopdf)                    size: 42375 bytes
(epstopdf)             Output file: <cole23-eps-converted-to.pdf>
(epstopdf)                    date: 2013-03-09 13:40:08
(epstopdf)                    size: 86367 bytes
(epstopdf)             Command: <repstopdf --outfile=cole23-eps-converted-to.pd
f cole23.eps>
(epstopdf)             \includegraphics on input line 359.
Package epstopdf Info: Output file is already uptodate.
<cole23-eps-converted-to.pdf, id=92, 561.09625pt x 421.575pt>
File: cole23-eps-converted-to.pdf Graphic file (type pdf)

<use cole23-eps-converted-to.pdf>
Package pdftex.def Info: cole23-eps-converted-to.pdf used on input line 359.
(pdftex.def)             Requested size: 252.49098pt x 189.70699pt.

Overfull \hbox (31.34619pt too wide) in paragraph at lines 359--360
 [][] 
 []

Package epstopdf Info: Source file: <cole39.eps>
(epstopdf)                    date: 2013-03-09 13:46:13
(epstopdf)                    size: 42603 bytes
(epstopdf)             Output file: <cole39-eps-converted-to.pdf>
(epstopdf)                    date: 2013-03-09 13:46:16
(epstopdf)                    size: 79982 bytes
(epstopdf)             Command: <repstopdf --outfile=cole39-eps-converted-to.pd
f cole39.eps>
(epstopdf)             \includegraphics on input line 363.
Package epstopdf Info: Output file is already uptodate.
<cole39-eps-converted-to.pdf, id=93, 561.09625pt x 421.575pt>
File: cole39-eps-converted-to.pdf Graphic file (type pdf)

<use cole39-eps-converted-to.pdf>
Package pdftex.def Info: cole39-eps-converted-to.pdf used on input line 363.
(pdftex.def)             Requested size: 252.49098pt x 189.70699pt.

Overfull \hbox (31.34619pt too wide) in paragraph at lines 363--364
[][] 
 []

Package epstopdf Info: Source file: <spectrum.eps>
(epstopdf)                    date: 2013-03-09 15:13:44
(epstopdf)                    size: 6140424 bytes
(epstopdf)             Output file: <spectrum-eps-converted-to.pdf>
(epstopdf)                    date: 2013-03-09 15:14:02
(epstopdf)                    size: 48561 bytes
(epstopdf)             Command: <repstopdf --outfile=spectrum-eps-converted-to.
pdf spectrum.eps>
(epstopdf)             \includegraphics on input line 371.
Package epstopdf Info: Output file is already uptodate.
<spectrum-eps-converted-to.pdf, id=94, 561.09625pt x 421.575pt>
File: spectrum-eps-converted-to.pdf Graphic file (type pdf)

<use spectrum-eps-converted-to.pdf>
Package pdftex.def Info: spectrum-eps-converted-to.pdf used on input line 371.
(pdftex.def)             Requested size: 392.7647pt x 295.10048pt.


LaTeX Warning: Reference `fit' on page 10 undefined on input line 377.

[10 <./real23-eps-converted-to.pdf> <./real39-eps-converted-to.pdf>] [11 <./ima
g23-eps-converted-to.pdf> <./imag39-eps-converted-to.pdf> <./cole23-eps-convert
ed-to.pdf> <./cole39-eps-converted-to.pdf>] (./Report.bbl [12 <./spectrum-eps-c
onverted-to.pdf>]) [13] (./datafilter.m [14]
LaTeX Font Info:    Try loading font information for OMS+cmr on input line 48.

(/usr/local/texlive/2012/texmf-dist/tex/latex/base/omscmr.fd
File: omscmr.fd 1999/05/25 v2.5h Standard LaTeX font definitions
)
LaTeX Font Info:    Font shape `OMS/cmr/m/n' in size <10.95> not available
(Font)              Font shape `OMS/cmsy/m/n' tried instead on input line 48.
LaTeX Font Info:    Font shape `OMS/cmr/m/it' in size <10.95> not available
(Font)              Font shape `OMS/cmsy/m/n' tried instead on input line 74.
) [15]
(./Report.aux)

LaTeX Warning: There were undefined references.


LaTeX Warning: There were multiply-defined labels.

 ) 
Here is how much of TeX's memory you used:
 15224 strings out of 493488
 266288 string characters out of 3141326
 482910 words of memory out of 3000000
 18185 multiletter control sequences out of 15000+200000
 15903 words of font info for 60 fonts, out of 3000000 for 9000
 957 hyphenation exceptions out of 8191
 56i,9n,55p,1408b,2030s stack positions out of 5000i,500n,10000p,200000b,50000s
</usr/local/texlive/2012/texmf-dist/fonts/type1/public/amsfonts/cm/cmbx10.pfb
></usr/local/texlive/2012/texmf-dist/fonts/type1/public/amsfonts/cm/cmbx12.pfb>
</usr/local/texlive/2012/texmf-dist/fonts/type1/public/amsfonts/cm/cmex10.pfb><
/usr/local/texlive/2012/texmf-dist/fonts/type1/public/amsfonts/cm/cmmi10.pfb></
usr/local/texlive/2012/texmf-dist/fonts/type1/public/amsfonts/cm/cmmi6.pfb></us
r/local/texlive/2012/texmf-dist/fonts/type1/public/amsfonts/cm/cmmi8.pfb></usr/
local/texlive/2012/texmf-dist/fonts/type1/public/amsfonts/cm/cmr10.pfb></usr/lo
cal/texlive/2012/texmf-dist/fonts/type1/public/amsfonts/cm/cmr12.pfb></usr/loca
l/texlive/2012/texmf-dist/fonts/type1/public/amsfonts/cm/cmr17.pfb></usr/local/
texlive/2012/texmf-dist/fonts/type1/public/amsfonts/cm/cmr6.pfb></usr/local/tex
live/2012/texmf-dist/fonts/type1/public/amsfonts/cm/cmr7.pfb></usr/local/texliv
e/2012/texmf-dist/fonts/type1/public/amsfonts/cm/cmr8.pfb></usr/local/texlive/2
012/texmf-dist/fonts/type1/public/amsfonts/cm/cmr9.pfb></usr/local/texlive/2012
/texmf-dist/fonts/type1/public/amsfonts/cm/cmsy10.pfb></usr/local/texlive/2012/
texmf-dist/fonts/type1/public/amsfonts/cm/cmsy7.pfb></usr/local/texlive/2012/te
xmf-dist/fonts/type1/public/amsfonts/cm/cmsy8.pfb></usr/local/texlive/2012/texm
f-dist/fonts/type1/public/amsfonts/cm/cmti10.pfb>
Output written on Report.pdf (15 pages, 1802932 bytes).
PDF statistics:
 237 PDF objects out of 1000 (max. 8388607)
 157 compressed objects within 2 object streams
 0 named destinations out of 1000 (max. 500000)
 113 words of extra memory for PDF output out of 10000 (max. 10000000)

